============================= test session starts ==============================
platform darwin -- Python 3.11.9, pytest-8.0.2, pluggy-1.5.0
rootdir: /home/user/myproject
configfile: pyproject.toml
plugins: asyncio-0.23.8, anyio-4.3.0
collected 89 items

tests/test_auth.py .................                                      [ 19%]
tests/test_models.py ............................                          [ 51%]
tests/test_utils.py ...F.............................                     [ 87%]
tests/test_api.py ...F........                                            [100%]

=================================== FAILURES ===================================
_______________________ test_format_date_invalid _______________________________

    def test_format_date_invalid():
        result = format_date("not-a-date")
>       assert result is None
E       AssertionError: assert 'not-a-date' is None

tests/test_utils.py:45: AssertionError
__________________________ test_api_error_response _____________________________

    def test_api_error_response():
        client = TestClient(app)
        response = client.get("/api/invalid")
>       assert response.status_code == 404
E       AssertionError: assert 200 == 404
E        +  where 200 = <Response [200]>.status_code

tests/test_api.py:78: AssertionError
=========================== short test summary info ============================
FAILED tests/test_utils.py::test_format_date_invalid - AssertionError: assert 'not-a-date' is None
FAILED tests/test_api.py::test_api_error_response - AssertionError: assert 200 == 404
========================= 2 failed, 87 passed in 1.45s =========================
